# JRE version: OpenJDK Runtime Environment (17.0.7) (build 17.0.7+0-b2043.56-10550314)
# Java VM: OpenJDK 64-Bit Server VM (17.0.7+0-b2043.56-10550314, mixed mode, tiered, compressed oops, compressed class ptrs, g1 gc, windows-amd64)
GC Precious Log:
 CPUs: 8 total, 8 available
 Memory: 16075M
 Large Page Support: Disabled
 NUMA Support: Disabled
 Compressed Oops: Enabled (32-bit)
 Heap Region Size: 1M
 Heap Min Capacity: 8M
 Heap Initial Capacity: 252M
 Heap Max Capacity: 2G
 Pre-touch: Disabled
 Parallel Workers: 8
 Concurrent Workers: 2
 Concurrent Refinement Workers: 8
 Periodic GC: Disabled
Heap:
 garbage-first heap   total 325632K, used 244173K [0x0000000080000000, 0x0000000100000000)
  region size 1024K, 119 young (121856K), 2 survivors (2048K)
 Metaspace       used 145075K, committed 145856K, reserved 1179648K
  class space    used 19476K, committed 19840K, reserved 1048576K
GC Heap History (20 events):
Event: 18.405 GC heap before
{Heap before GC invocations=65 (full 0):
 garbage-first heap   total 325632K, used 126604K [0x0000000080000000, 0x0000000100000000)
  region size 1024K, 15 young (15360K), 11 survivors (11264K)
 Metaspace       used 108447K, committed 109184K, reserved 1179648K
  class space    used 14627K, committed 15040K, reserved 1048576K
}
Event: 18.411 GC heap after
{Heap after GC invocations=66 (full 0):
 garbage-first heap   total 325632K, used 123209K [0x0000000080000000, 0x0000000100000000)
  region size 1024K, 2 young (2048K), 2 survivors (2048K)
 Metaspace       used 108447K, committed 109184K, reserved 1179648K
  class space    used 14627K, committed 15040K, reserved 1048576K
}
Event: 21.110 GC heap before
{Heap before GC invocations=66 (full 0):
 garbage-first heap   total 325632K, used 248137K [0x0000000080000000, 0x0000000100000000)
  region size 1024K, 123 young (125952K), 2 survivors (2048K)
 Metaspace       used 113772K, committed 114560K, reserved 1179648K
  class space    used 15348K, committed 15744K, reserved 1048576K
}
Event: 21.117 GC heap after
{Heap after GC invocations=67 (full 0):
 garbage-first heap   total 325632K, used 130250K [0x0000000080000000, 0x0000000100000000)
  region size 1024K, 9 young (9216K), 9 survivors (9216K)
 Metaspace       used 113772K, committed 114560K, reserved 1179648K
  class space    used 15348K, committed 15744K, reserved 1048576K
}
Event: 22.554 GC heap before
{Heap before GC invocations=67 (full 0):
 garbage-first heap   total 325632K, used 253130K [0x0000000080000000, 0x0000000100000000)
  region size 1024K, 130 young (133120K), 9 survivors (9216K)
 Metaspace       used 125269K, committed 126080K, reserved 1179648K
  class space    used 17113K, committed 17536K, reserved 1048576K
}
Event: 22.572 GC heap after
{Heap after GC invocations=68 (full 0):
 garbage-first heap   total 325632K, used 140538K [0x0000000080000000, 0x0000000100000000)
  region size 1024K, 17 young (17408K), 17 survivors (17408K)
 Metaspace       used 125269K, committed 126080K, reserved 1179648K
  class space    used 17113K, committed 17536K, reserved 1048576K
}
Event: 22.936 GC heap before
{Heap before GC invocations=68 (full 0):
 garbage-first heap   total 325632K, used 159994K [0x0000000080000000, 0x0000000100000000)
  region size 1024K, 38 young (38912K), 17 survivors (17408K)
 Metaspace       used 125967K, committed 126784K, reserved 1179648K
  class space    used 17186K, committed 17600K, reserved 1048576K
}
Event: 22.943 GC heap after
{Heap after GC invocations=69 (full 0):
 garbage-first heap   total 325632K, used 137346K [0x0000000080000000, 0x0000000100000000)
  region size 1024K, 3 young (3072K), 3 survivors (3072K)
 Metaspace       used 125967K, committed 126784K, reserved 1179648K
  class space    used 17186K, committed 17600K, reserved 1048576K
}
Event: 162.294 GC heap before
{Heap before GC invocations=70 (full 0):
 garbage-first heap   total 325632K, used 259202K [0x0000000080000000, 0x0000000100000000)
  region size 1024K, 125 young (128000K), 3 survivors (3072K)
 Metaspace       used 133958K, committed 134784K, reserved 1179648K
  class space    used 18230K, committed 18624K, reserved 1048576K
}
Event: 162.298 GC heap after
{Heap after GC invocations=71 (full 0):
 garbage-first heap   total 325632K, used 122315K [0x0000000080000000, 0x0000000100000000)
  region size 1024K, 3 young (3072K), 3 survivors (3072K)
 Metaspace       used 133958K, committed 134784K, reserved 1179648K
  class space    used 18230K, committed 18624K, reserved 1048576K
}
Event: 162.602 GC heap before
{Heap before GC invocations=71 (full 0):
 garbage-first heap   total 325632K, used 133579K [0x0000000080000000, 0x0000000100000000)
  region size 1024K, 15 young (15360K), 3 survivors (3072K)
 Metaspace       used 134117K, committed 134912K, reserved 1179648K
  class space    used 18234K, committed 18624K, reserved 1048576K
}
Event: 162.607 GC heap after
{Heap after GC invocations=72 (full 0):
 garbage-first heap   total 325632K, used 120649K [0x0000000080000000, 0x0000000100000000)
  region size 1024K, 2 young (2048K), 2 survivors (2048K)
 Metaspace       used 134117K, committed 134912K, reserved 1179648K
  class space    used 18234K, committed 18624K, reserved 1048576K
}
Event: 2228.149 GC heap before
{Heap before GC invocations=72 (full 0):
 garbage-first heap   total 325632K, used 262985K [0x0000000080000000, 0x0000000100000000)
  region size 1024K, 143 young (146432K), 2 survivors (2048K)
 Metaspace       used 135280K, committed 136128K, reserved 1179648K
  class space    used 18276K, committed 18688K, reserved 1048576K
}
Event: 2228.172 GC heap after
{Heap after GC invocations=73 (full 0):
 garbage-first heap   total 325632K, used 131280K [0x0000000080000000, 0x0000000100000000)
  region size 1024K, 13 young (13312K), 13 survivors (13312K)
 Metaspace       used 135280K, committed 136128K, reserved 1179648K
  class space    used 18276K, committed 18688K, reserved 1048576K
}
Event: 2233.690 GC heap before
{Heap before GC invocations=74 (full 0):
 garbage-first heap   total 325632K, used 280784K [0x0000000080000000, 0x0000000100000000)
  region size 1024K, 142 young (145408K), 13 survivors (13312K)
 Metaspace       used 138649K, committed 139328K, reserved 1179648K
  class space    used 18656K, committed 18944K, reserved 1048576K
}
Event: 2233.716 GC heap after
{Heap after GC invocations=75 (full 0):
 garbage-first heap   total 325632K, used 136654K [0x0000000080000000, 0x0000000100000000)
  region size 1024K, 7 young (7168K), 7 survivors (7168K)
 Metaspace       used 138649K, committed 139328K, reserved 1179648K
  class space    used 18656K, committed 18944K, reserved 1048576K
}
Event: 2233.957 GC heap before
{Heap before GC invocations=75 (full 0):
 garbage-first heap   total 325632K, used 143822K [0x0000000080000000, 0x0000000100000000)
  region size 1024K, 15 young (15360K), 7 survivors (7168K)
 Metaspace       used 140306K, committed 140992K, reserved 1179648K
  class space    used 18887K, committed 19200K, reserved 1048576K
}
Event: 2233.990 GC heap after
{Heap after GC invocations=76 (full 0):
 garbage-first heap   total 325632K, used 116755K [0x0000000080000000, 0x0000000100000000)
  region size 1024K, 2 young (2048K), 2 survivors (2048K)
 Metaspace       used 140306K, committed 140992K, reserved 1179648K
  class space    used 18887K, committed 19200K, reserved 1048576K
}
Event: 2234.362 GC heap before
{Heap before GC invocations=76 (full 0):
 garbage-first heap   total 325632K, used 128019K [0x0000000080000000, 0x0000000100000000)
  region size 1024K, 14 young (14336K), 2 survivors (2048K)
 Metaspace       used 142578K, committed 143296K, reserved 1179648K
  class space    used 19140K, committed 19456K, reserved 1048576K
}
Event: 2234.366 GC heap after
{Heap after GC invocations=77 (full 0):
 garbage-first heap   total 325632K, used 117197K [0x0000000080000000, 0x0000000100000000)
  region size 1024K, 2 young (2048K), 2 survivors (2048K)
 Metaspace       used 142578K, committed 143296K, reserved 1179648K
  class space    used 19140K, committed 19456K, reserved 1048576K
}

